<?xml version="1.0" encoding="UTF-8"?>
<!-- Generated by org.testng.reporters.JUnitReportReporter -->
<testsuite skipped="0" hostname="SS4-IN-PC" name="com.islandpacific.ipmsweb.test.receiving.ReceiveByPurchaseOrder" tests="1" failures="0" timestamp="2020-03-03T17:06:07 IST" time="34.860" errors="0">
  <testcase name="defReceiveByPurchaseOrder" time="34.860" classname="com.islandpacific.ipmsweb.test.receiving.ReceiveByPurchaseOrder"/>
</testsuite> <!-- com.islandpacific.ipmsweb.test.receiving.ReceiveByPurchaseOrder -->
