<?xml version="1.0" encoding="UTF-8"?>
<!-- Generated by org.testng.reporters.JUnitReportReporter -->
<testsuite skipped="0" hostname="SS4-IN-PC" name="com.islandpacific.ipmsweb.test.purchaseordermanagement.PurchaseOrderApproval" tests="1" failures="0" timestamp="2020-03-03T10:26:57 IST" time="43.400" errors="0">
  <testcase name="poApproval" time="43.400" classname="com.islandpacific.ipmsweb.test.purchaseordermanagement.PurchaseOrderApproval"/>
</testsuite> <!-- com.islandpacific.ipmsweb.test.purchaseordermanagement.PurchaseOrderApproval -->
