<?xml version="1.0" encoding="UTF-8"?>
<!-- Generated by org.testng.reporters.JUnitReportReporter -->
<testsuite skipped="0" hostname="SS4-IN-PC" name="com.islandpacific.ipmsweb.financialmiscoptions.ProcessFrightDutyWriteOffs" tests="1" failures="0" timestamp="2020-03-03T16:40:56 IST" time="36.055" errors="0">
  <testcase name="defProcessFrightDutyWriteOffs" time="36.055" classname="com.islandpacific.ipmsweb.financialmiscoptions.ProcessFrightDutyWriteOffs"/>
</testsuite> <!-- com.islandpacific.ipmsweb.financialmiscoptions.ProcessFrightDutyWriteOffs -->
