<?xml version="1.0" encoding="UTF-8"?>
<!-- Generated by org.testng.reporters.JUnitReportReporter -->
<testsuite skipped="0" hostname="SS4-IN-PC" name="com.islandpacific.ipmsweb.test.receiving.RecevingLogInquiry" tests="1" failures="0" timestamp="2020-03-03T12:39:31 IST" time="44.713" errors="0">
  <testcase name="RLogInquiry" time="44.713" classname="com.islandpacific.ipmsweb.test.receiving.RecevingLogInquiry"/>
</testsuite> <!-- com.islandpacific.ipmsweb.test.receiving.RecevingLogInquiry -->
