<?xml version="1.0" encoding="UTF-8"?>
<!-- Generated by org.testng.reporters.JUnitReportReporter -->
<testsuite skipped="0" hostname="SS4-IN-PC" name="com.islandpacific.ipmsweb.test.purchaseordermanagement.PurchaseOrderChange" tests="1" failures="0" timestamp="2020-03-03T10:30:35 IST" time="49.444" errors="0">
  <testcase name="poChange" time="49.444" classname="com.islandpacific.ipmsweb.test.purchaseordermanagement.PurchaseOrderChange"/>
</testsuite> <!-- com.islandpacific.ipmsweb.test.purchaseordermanagement.PurchaseOrderChange -->
