<?xml version="1.0" encoding="UTF-8"?>
<!-- Generated by org.testng.reporters.JUnitReportReporter -->
<testsuite skipped="0" hostname="SS4-IN-PC" name="com.islandpacific.ipmsweb.test.purchaseordermanagement.PurchaseOrderChange" tests="1" failures="0" timestamp="2020-03-03T13:57:38 IST" time="45.984" errors="0">
  <testcase name="defPurchaseOrderChange" time="45.984" classname="com.islandpacific.ipmsweb.test.purchaseordermanagement.PurchaseOrderChange"/>
</testsuite> <!-- com.islandpacific.ipmsweb.test.purchaseordermanagement.PurchaseOrderChange -->
