<?xml version="1.0" encoding="UTF-8"?>
<!-- Generated by org.testng.reporters.JUnitReportReporter -->
<testsuite skipped="0" hostname="SS4-IN-PC" name="com.islandpacific.ipmsweb.test.receiving.RecevingLogInquiry" tests="1" failures="0" timestamp="2020-02-28T17:03:03 IST" time="49.045" errors="0">
  <testcase name="RLogInquiry" time="49.045" classname="com.islandpacific.ipmsweb.test.receiving.RecevingLogInquiry"/>
</testsuite> <!-- com.islandpacific.ipmsweb.test.receiving.RecevingLogInquiry -->
