<?xml version="1.0" encoding="UTF-8"?>
<!-- Generated by org.testng.reporters.JUnitReportReporter -->
<testsuite skipped="0" hostname="SS4-IN-PC" name="com.islandpacific.ipmsweb.financialsysteminquiries.MatchedInvoicesInquiry" tests="1" failures="0" timestamp="2020-03-03T13:57:38 IST" time="33.850" errors="0">
  <testcase name="defMatchedInvoicesInquiry" time="33.850" classname="com.islandpacific.ipmsweb.financialsysteminquiries.MatchedInvoicesInquiry"/>
</testsuite> <!-- com.islandpacific.ipmsweb.financialsysteminquiries.MatchedInvoicesInquiry -->
